<?xml version="1.0" encoding="UTF-8"?>
<!-- Generated by org.testng.reporters.JUnitReportReporter -->
<testsuite hostname="ShilpaTailor-PC" name="com.TestNG.TestNG_GmailLogin" tests="1" failures="0" timestamp="11 Sep 2019 13:27:56 GMT" time="56.198" errors="0">
  <testcase name="gmailLogin" time="56.198" classname="com.TestNG.TestNG_GmailLogin"/>
</testsuite> <!-- com.TestNG.TestNG_GmailLogin -->
