<?xml version="1.0" encoding="UTF-8"?>
<!-- Generated by org.testng.reporters.JUnitReportReporter -->
<testsuite hostname="ShilpaTailor-PC" name="homework.RedLogin_DataProvider" tests="5" failures="0" timestamp="23 Sep 2019 13:00:31 GMT" time="12.723" errors="0">
  <testcase name="Login" time="1.451" classname="homework.RedLogin_DataProvider"/>
  <testcase name="Login" time="6.413" classname="homework.RedLogin_DataProvider"/>
  <testcase name="Login" time="1.519" classname="homework.RedLogin_DataProvider"/>
  <testcase name="Login" time="1.537" classname="homework.RedLogin_DataProvider"/>
  <testcase name="Login" time="1.803" classname="homework.RedLogin_DataProvider"/>
</testsuite> <!-- homework.RedLogin_DataProvider -->
