<?xml version="1.0" encoding="UTF-8"?>
<!-- Generated by org.testng.reporters.JUnitReportReporter -->
<testsuite skipped="0" hostname="ShilpaTailor-PC" name="com.testNG.programms.TestNG" tests="1" failures="0" timestamp="30 Jul 2019 09:12:57 GMT" time="11.849" errors="0">
  <testcase name="main" time="11.849" classname="com.testNG.programms.TestNG"/>
</testsuite> <!-- com.testNG.programms.TestNG -->
