<?xml version="1.0" encoding="UTF-8"?>
<!-- Generated by org.testng.reporters.JUnitReportReporter -->
<testsuite skipped="0" hostname="ShilpaTailor-PC" name="com.testNG.programms.Squencing" tests="2" failures="0" timestamp="30 Jul 2019 09:29:19 GMT" time="0.015" errors="0">
  <testcase name="testCase2" time="0.004" classname="com.testNG.programms.Squencing"/>
  <testcase name="testCase1" time="0.011" classname="com.testNG.programms.Squencing"/>
</testsuite> <!-- com.testNG.programms.Squencing -->
