<?xml version="1.0" encoding="UTF-8"?>
<!-- Generated by org.testng.reporters.JUnitReportReporter -->
<testsuite hostname="ShilpaTailor-PC" name="testcases.DummyTestB" tests="1" failures="0" timestamp="18 Sep 2019 13:49:46 GMT" time="10.244" errors="0">
  <testcase name="testB" time="10.244" classname="testcases.DummyTestB"/>
</testsuite> <!-- testcases.DummyTestB -->
